<?xml version="1.0" encoding="UTF-8"?>
<testng-results skipped="0" failed="0" total="2" passed="2">
  <reporter-output>
  </reporter-output>
  <suite name="Default suite" duration-ms="125" started-at="2015-01-01T15:53:34Z" finished-at="2015-01-01T15:53:34Z">
    <groups>
    </groups>
    <test name="Default test" duration-ms="125" started-at="2015-01-01T15:53:34Z" finished-at="2015-01-01T15:53:34Z">
      <class name="org.osate.units.test.MyNextTest">
        <test-method status="PASS" signature="f(java.lang.Integer, java.lang.String)[pri:0, instance:org.osate.units.test.MyNextTest@11412a45]" name="f" duration-ms="47" started-at="2015-01-01T10:53:34Z" data-provider="dp" finished-at="2015-01-01T10:53:34Z">
          <params>
            <param index="0">
              <value>
                <![CDATA[1]]>
              </value>
            </param>
            <param index="1">
              <value>
                <![CDATA[a]]>
              </value>
            </param>
          </params>
          <reporter-output>
          </reporter-output>
        </test-method> <!-- f -->
        <test-method status="PASS" signature="f(java.lang.Integer, java.lang.String)[pri:0, instance:org.osate.units.test.MyNextTest@11412a45]" name="f" duration-ms="0" started-at="2015-01-01T10:53:34Z" data-provider="dp" finished-at="2015-01-01T10:53:34Z">
          <params>
            <param index="0">
              <value>
                <![CDATA[2]]>
              </value>
            </param>
            <param index="1">
              <value>
                <![CDATA[b]]>
              </value>
            </param>
          </params>
          <reporter-output>
          </reporter-output>
        </test-method> <!-- f -->
      </class> <!-- org.osate.units.test.MyNextTest -->
    </test> <!-- Default test -->
  </suite> <!-- Default suite -->
</testng-results>
